C51 COMPILER V9.56.0.0   DELAY                                                             02/05/2023 04:40:58 PAGE 1   


C51 COMPILER V9.56.0.0, COMPILATION OF MODULE DELAY
OBJECT MODULE PLACED IN .\Objects\Delay.obj
COMPILER INVOKED BY: D:\Program Files\Keil_v5\C51\BIN\C51.EXE Code\Delay.c OPTIMIZE(8,SPEED) BROWSE DEBUG OBJECTEXTEND P
                    -RINT(.\Listings\Delay.lst) TABS(2) OBJECT(.\Objects\Delay.obj)

line level    source

   1          /*****************************************
   2          *延时函数
   3          *入口参数：Nms，延时的ms数1~65535
   4          *出口参数：无
   5          *函数功能：软件不精确延时
   6          *******************************************/
   7          #include "Delay.h"
   8          void DelayNms(unsigned int Nms)
   9              { unsigned int i;
  10   1             do
  11   1               {
  12   2                  i=MAIN_Fosc/13000;
  13   2                  while(--i);
  14   2               } while(--Nms);
  15   1          }
  16          void DelayNds(unsigned char N)//延时Nx0.1秒 N=1~255   //@12.000MHz 示波器测试验证比较精确
  17             {   
  18   1        unsigned char i, j, k;
  19   1        do {
  20   2             i = 2;
  21   2           j = 105;
  22   2           k = 90;
  23   2             while(i--)
  24   2              { while(j--)
  25   3                  {
  26   4                  while(k--)
  27   4                      {
  28   5                      ;
  29   5                  }
  30   4              }
  31   3             }
  32   2           }while (--N);
  33   1         }


MODULE INFORMATION:   STATIC OVERLAYABLE
   CODE SIZE        =     52    ----
   CONSTANT SIZE    =   ----    ----
   XDATA SIZE       =   ----    ----
   PDATA SIZE       =   ----    ----
   DATA SIZE        =   ----    ----
   IDATA SIZE       =   ----    ----
   BIT SIZE         =   ----    ----
END OF MODULE INFORMATION.


C51 COMPILATION COMPLETE.  0 WARNING(S),  0 ERROR(S)
