C51 COMPILER V9.56.0.0   GAME                                                              01/26/2023 14:55:51 PAGE 1   


C51 COMPILER V9.56.0.0, COMPILATION OF MODULE GAME
OBJECT MODULE PLACED IN .\Objects\game.obj
COMPILER INVOKED BY: D:\Program Files\Keil_v5\C51\BIN\C51.EXE game.c OPTIMIZE(8,SPEED) BROWSE DEBUG OBJECTEXTEND PRINT(.
                    -\Listings\game.lst) TABS(2) OBJECT(.\Objects\game.obj)

line level    source

   1          #include "STC15F.h"
*** WARNING C318 IN LINE 1 OF game.c: can't open file 'STC15F.h'
   2          #include "intrins.h"
   3          #include "Delay.h"
*** WARNING C318 IN LINE 3 OF game.c: can't open file 'Delay.h'
   4          #include "GPIO.h"
*** WARNING C318 IN LINE 4 OF game.c: can't open file 'GPIO.h'
   5          #include "KeyScan.h"
*** WARNING C318 IN LINE 5 OF game.c: can't open file 'KeyScan.h'
   6          #include "LCD12864.h"
*** WARNING C318 IN LINE 6 OF game.c: can't open file 'LCD12864.h'
   7          #include "Serial2.h"
*** WARNING C318 IN LINE 7 OF game.c: can't open file 'Serial2.h'
   8          #include "main.h"
*** WARNING C318 IN LINE 8 OF game.c: can't open file 'main.h'
   9          #include <stdio.h>
  10          #include <stdlib.h>
  11          u8  code line1[] = {"GAME"};
*** ERROR C129 IN LINE 11 OF game.c: missing ';' before 'code'
  12          u8  code line2[]    = {"Push the Boxes"};
  13          u8  code line3[]    = {"OPEN"};
  14          u8  code line4[]     = {"MadeByYuuuan"};
  15          void main(void)
  16          {
  17            DisplayListChar(0,1,line1);
  18            DisplayListChar(0,2,line2);
  19            DisplayListChar(0,3,line3);
  20            DisplayListChar(0,4,line4);
  21            DelayNds(20);
  22            game_draw();
  23            game_move();
  24          }

C51 COMPILATION COMPLETE.  7 WARNING(S),  1 ERROR(S)
