C51 COMPILER V9.56.0.0   KEYSCAN                                                           02/05/2023 09:25:57 PAGE 1   


C51 COMPILER V9.56.0.0, COMPILATION OF MODULE KEYSCAN
OBJECT MODULE PLACED IN .\Objects\KeyScan.obj
COMPILER INVOKED BY: D:\Program Files\Keil_v5\C51\BIN\C51.EXE Code\KeyScan.c OPTIMIZE(8,SPEED) BROWSE DEBUG OBJECTEXTEND
                    - PRINT(.\Listings\KeyScan.lst) TABS(2) OBJECT(.\Objects\KeyScan.obj)

line level    source

   1          //矩阵键盘扫描程序包
   2          //4x4矩阵按键接在P0口，采用反转法识别
   3          //入口参数：无
   4          //出口参数：Key:按键编码0~F,没有按键按下则返回值为0x55
   5          #include "STC15F.h"
   6          #include "intrins.h"
   7          #include "KeyScan.h"
   8          #include "Delay.h"
   9          unsigned char  KeyScan(void)
  10            {  //矩阵键盘监控
  11   1           u8 KeyNO=0x10;     //反转法识别键扫描码,没有按键按下或者按键不正常，扫描码不在已知的范围，返回0x55
  12   1           u8 row,colm;       //行码、列码及扫描得到的键码
  13   1           u8 Key=0x55;    
  14   1           P0=0xF0; //先将P0口高四位行线置1，低四位列线置0，如果有键按下
  15   1                    //则相应的行被拉低，此时P0口不等于0xF0。
  16   1           NOP5();  //等待端口数据稳定
  17   1          
  18   1           if (P0!=0xF0)//矩阵键盘有键按下
  19   1            { DelayNms(3);//延时2-5ms，按键消抖动
  20   2              if (P0!=0xF0) //确实有键按下，则启动按键识别
  21   2                 {
  22   3                  row=P0;       //存行扫描码
  23   3                  
  24   3                  P0=0x0F;        //行列反转
  25   3                  NOP5();         //等待端口数据稳定  
  26   3                  colm=P0;        //存列扫描码
  27   3                  
  28   3                  KeyNO=row+colm;  //行列扫描码合并，得到键扫描码
  29   3                  
  30   3                   switch (KeyNO)
  31   3                      { 
  32   4                        case 0xee: Key=0;break;
  33   4                        case 0xed: Key=1;break;
  34   4                        case 0xeb: Key=2;break;
  35   4                        case 0xe7: Key=3;break;
  36   4                        case 0xde: Key=4;break;
  37   4                        case 0xdd: Key=5;break;
  38   4                        case 0xdb: Key=6;break;
  39   4                        case 0xd7: Key=7;break;
  40   4                        case 0xbe: Key=8;break;
  41   4                        case 0xbd: Key=9;break;
  42   4                        case 0xbb: Key=0xA;break;
  43   4                        case 0xb7: Key=0xB;break;
  44   4                        case 0x7e: Key=0xC;break;
  45   4                        case 0x7d: Key=0xD;break;
  46   4                        case 0x7b: Key=0xE;break;
  47   4                        case 0x77: Key=0xF;break;
  48   4                      
  49   4                        default: Key=0x55;
  50   4                      }
  51   3                  while(P0!=0x0F); //等待按键松开   
  52   3                  }
  53   2              
  54   2            }
C51 COMPILER V9.56.0.0   KEYSCAN                                                           02/05/2023 09:25:57 PAGE 2   

  55   1              return Key;   
  56   1        } 


MODULE INFORMATION:   STATIC OVERLAYABLE
   CODE SIZE        =    201    ----
   CONSTANT SIZE    =   ----    ----
   XDATA SIZE       =   ----    ----
   PDATA SIZE       =   ----    ----
   DATA SIZE        =   ----       2
   IDATA SIZE       =   ----    ----
   BIT SIZE         =   ----    ----
END OF MODULE INFORMATION.


C51 COMPILATION COMPLETE.  0 WARNING(S),  0 ERROR(S)
