C51 COMPILER V9.56.0.0   SERIAL2                                                           02/05/2023 04:40:58 PAGE 1   


C51 COMPILER V9.56.0.0, COMPILATION OF MODULE SERIAL2
OBJECT MODULE PLACED IN .\Objects\Serial2.obj
COMPILER INVOKED BY: D:\Program Files\Keil_v5\C51\BIN\C51.EXE Code\Serial2.c OPTIMIZE(8,SPEED) BROWSE DEBUG OBJECTEXTEND
                    - PRINT(.\Listings\Serial2.lst) TABS(2) OBJECT(.\Objects\Serial2.obj)

line level    source

   1          #include "STC15F.h"
   2          #include "intrins.h"
   3          #include "Serial2.h"
   4          bit mode;
   5          u8 RcvCNT;  //接收到的字符个数
   6          void Serial2_INI(void)  //串口初始化程序：baud=9600@11.0592MHZ，T2完成：方式0，1T模式
   7          { //串口2初始化 //11.0592MhZ
   8   1          TH2=0xFE;
   9   1          TL2=0xE0;
  10   1          AUXR=0x14;    //采用T2产生波特率，1T模式，启动T2  
  11   1          //P_SW2|=0x01;   //S2口管脚选定在P46(RXD) P47(TXD)
  12   1          //P_SW2&=0xFE;   //S2口管脚选定在P10(RXD) P11(TXD)
  13   1          S2CON=0x50;   //启动串口2，方式0:8位数据，波特率可变模式，接收允许     
  14   1      }
  15          
  16          //串口中断服务程序
  17          void Serial2INT(void) interrupt 8 using 1
  18          {  
  19   1         if((S2CON & 1) != 0) //接收中断
  20   1          {
  21   2              S2CON &= ~1;    //清除接收中断标志
  22   2            
  23   2            switch (RcvCNT)
  24   2            {case 0:  
  25   3                   {if (S2BUF=='A')
  26   4                        RcvCNT=1;            
  27   4                       break;            
  28   4                    }
  29   3                case 1:
  30   3                    {if (S2BUF=='T')
  31   4                        RcvCNT=2;            
  32   4                     else 
  33   4                        RcvCNT=0; 
  34   4                     break;
  35   4                    }   
  36   3                case 2:
  37   3                    {if (S2BUF=='+')
  38   4                        RcvCNT=3;            
  39   4                     else 
  40   4                        RcvCNT=0; 
  41   4                     break;
  42   4                    } 
  43   3                case 3:
  44   3                    {if (S2BUF=='C') //检测到一次AT+C指令
  45   4                         { mode=~mode;
  46   5                           RcvCNT=0;
  47   5                          }            
  48   4                     else 
  49   4                        RcvCNT=0; 
  50   4                     break;
  51   4                    } 
  52   3            }                               
  53   2             
  54   2          }
C51 COMPILER V9.56.0.0   SERIAL2                                                           02/05/2023 04:40:58 PAGE 2   

  55   1        
  56   1       }


MODULE INFORMATION:   STATIC OVERLAYABLE
   CODE SIZE        =     92    ----
   CONSTANT SIZE    =   ----    ----
   XDATA SIZE       =   ----    ----
   PDATA SIZE       =   ----    ----
   DATA SIZE        =      1    ----
   IDATA SIZE       =   ----    ----
   BIT SIZE         =      1    ----
END OF MODULE INFORMATION.


C51 COMPILATION COMPLETE.  0 WARNING(S),  0 ERROR(S)
